<?xml version="1.0" encoding="UTF-8"?>
<testng-results ignored="0" total="1" passed="1" failed="0" skipped="0">
  <reporter-output>
  </reporter-output>
  <suite started-at="2020-11-26T17:17:59 IST" name="Default suite" finished-at="2020-11-26T17:18:31 IST" duration-ms="32692">
    <groups>
    </groups>
    <test started-at="2020-11-26T17:17:59 IST" name="Default test" finished-at="2020-11-26T17:18:31 IST" duration-ms="32692">
      <class name="com.amazon.test.testitems.HomePageTest">
        <test-method is-config="true" signature="SetUp(java.lang.reflect.Method, [Ljava.lang.Object;)[pri:0, instance:com.amazon.test.testitems.HomePageTest@1a04f701]" started-at="2020-11-26T17:17:59 IST" name="SetUp" finished-at="2020-11-26T17:18:29 IST" duration-ms="30382" status="PASS">
          <params>
            <param index="0">
              <value>
                <![CDATA[public void com.amazon.test.testitems.HomePageTest.testhomePageTitle()]]>
              </value>
            </param>
            <param index="1">
              <value>
                <![CDATA[[Ljava.lang.Object;@1e1d3956]]>
              </value>
            </param>
          </params>
          <reporter-output>
          </reporter-output>
        </test-method> <!-- SetUp -->
        <test-method signature="testhomePageTitle()[pri:1, instance:com.amazon.test.testitems.HomePageTest@1a04f701]" started-at="2020-11-26T17:18:29 IST" name="testhomePageTitle" finished-at="2020-11-26T17:18:29 IST" duration-ms="324" status="PASS">
          <reporter-output>
          </reporter-output>
        </test-method> <!-- testhomePageTitle -->
        <test-method is-config="true" signature="tearDown(java.lang.reflect.Method, [Ljava.lang.Object;)[pri:0, instance:com.amazon.test.testitems.HomePageTest@1a04f701]" started-at="2020-11-26T17:18:29 IST" name="tearDown" finished-at="2020-11-26T17:18:31 IST" duration-ms="1908" status="PASS">
          <params>
            <param index="0">
              <value>
                <![CDATA[public void com.amazon.test.testitems.HomePageTest.testhomePageTitle()]]>
              </value>
            </param>
            <param index="1">
              <value>
                <![CDATA[[Ljava.lang.Object;@1e1d3956]]>
              </value>
            </param>
          </params>
          <reporter-output>
          </reporter-output>
        </test-method> <!-- tearDown -->
      </class> <!-- com.amazon.test.testitems.HomePageTest -->
    </test> <!-- Default test -->
  </suite> <!-- Default suite -->
</testng-results>
